{"C:\\Users\\mayno\\Desktop\\React\\11-testing\\src\\App.jsx": {"path":"C:\\Users\\mayno\\Desktop\\React\\11-testing\\src\\App.jsx","all":true,"statementMap":{"0":{"start":{"line":1,"column":0},"end":{"line":1,"column":43}},"2":{"start":{"line":3,"column":0},"end":{"line":3,"column":16}},"3":{"start":{"line":4,"column":0},"end":{"line":4,"column":10}},"4":{"start":{"line":5,"column":0},"end":{"line":5,"column":6}},"5":{"start":{"line":6,"column":0},"end":{"line":6,"column":17}},"6":{"start":{"line":7,"column":0},"end":{"line":7,"column":7}},"8":{"start":{"line":9,"column":0},"end":{"line":9,"column":1}},"10":{"start":{"line":11,"column":0},"end":{"line":11,"column":19}}},"s":{"0":0,"2":0,"3":0,"4":0,"5":0,"6":0,"8":0,"10":0},"branchMap":{"0":{"type":"branch","line":1,"loc":{"start":{"line":1,"column":133},"end":{"line":11,"column":19}},"locations":[{"start":{"line":1,"column":133},"end":{"line":11,"column":19}}]}},"b":{"0":[0]},"fnMap":{"0":{"name":"(empty-report)","decl":{"start":{"line":1,"column":133},"end":{"line":11,"column":19}},"loc":{"start":{"line":1,"column":133},"end":{"line":11,"column":19}},"line":1}},"f":{"0":0}}
,"C:\\Users\\mayno\\Desktop\\React\\11-testing\\src\\main.jsx": {"path":"C:\\Users\\mayno\\Desktop\\React\\11-testing\\src\\main.jsx","all":true,"statementMap":{"0":{"start":{"line":1,"column":0},"end":{"line":1,"column":34}},"1":{"start":{"line":2,"column":0},"end":{"line":2,"column":45}},"2":{"start":{"line":3,"column":0},"end":{"line":3,"column":20}},"3":{"start":{"line":4,"column":0},"end":{"line":4,"column":27}},"5":{"start":{"line":6,"column":0},"end":{"line":6,"column":51}},"6":{"start":{"line":7,"column":0},"end":{"line":7,"column":14}},"7":{"start":{"line":8,"column":0},"end":{"line":8,"column":11}},"8":{"start":{"line":9,"column":0},"end":{"line":9,"column":16}},"9":{"start":{"line":10,"column":0},"end":{"line":10,"column":1}}},"s":{"0":0,"1":0,"2":0,"3":0,"5":0,"6":0,"7":0,"8":0,"9":0},"branchMap":{"0":{"type":"branch","line":1,"loc":{"start":{"line":1,"column":202},"end":{"line":10,"column":-147}},"locations":[{"start":{"line":1,"column":202},"end":{"line":10,"column":-147}}]}},"b":{"0":[0]},"fnMap":{"0":{"name":"(empty-report)","decl":{"start":{"line":1,"column":202},"end":{"line":10,"column":-147}},"loc":{"start":{"line":1,"column":202},"end":{"line":10,"column":-147}},"line":1}},"f":{"0":0}}
,"C:\\Users\\mayno\\Desktop\\React\\11-testing\\src\\components\\ButtonCounter.jsx": {"path":"C:\\Users\\mayno\\Desktop\\React\\11-testing\\src\\components\\ButtonCounter.jsx","all":false,"statementMap":{"0":{"start":{"line":1,"column":0},"end":{"line":1,"column":46}},"1":{"start":{"line":2,"column":0},"end":{"line":2,"column":18}},"2":{"start":{"line":3,"column":0},"end":{"line":3,"column":11}},"3":{"start":{"line":4,"column":0},"end":{"line":4,"column":50}},"4":{"start":{"line":5,"column":0},"end":{"line":5,"column":11}},"5":{"start":{"line":6,"column":0},"end":{"line":6,"column":53}},"6":{"start":{"line":7,"column":0},"end":{"line":7,"column":12}},"7":{"start":{"line":8,"column":0},"end":{"line":8,"column":14}},"8":{"start":{"line":9,"column":0},"end":{"line":9,"column":56}},"10":{"start":{"line":11,"column":0},"end":{"line":11,"column":17}},"12":{"start":{"line":13,"column":0},"end":{"line":13,"column":12}},"13":{"start":{"line":14,"column":0},"end":{"line":14,"column":12}},"14":{"start":{"line":15,"column":0},"end":{"line":15,"column":3}},"15":{"start":{"line":16,"column":0},"end":{"line":16,"column":2}},"17":{"start":{"line":18,"column":0},"end":{"line":18,"column":29}}},"s":{"0":1,"1":98,"2":98,"3":34,"4":98,"5":32,"6":98,"7":32,"8":32,"10":32,"12":98,"13":0,"14":98,"15":98,"17":1},"branchMap":{"0":{"type":"branch","line":1,"loc":{"start":{"line":1,"column":22},"end":{"line":16,"column":2}},"locations":[{"start":{"line":1,"column":22},"end":{"line":16,"column":2}}]},"1":{"type":"branch","line":3,"loc":{"start":{"line":3,"column":4},"end":{"line":4,"column":50}},"locations":[{"start":{"line":3,"column":4},"end":{"line":4,"column":50}}]},"2":{"type":"branch","line":5,"loc":{"start":{"line":5,"column":4},"end":{"line":6,"column":53}},"locations":[{"start":{"line":5,"column":4},"end":{"line":6,"column":53}}]},"3":{"type":"branch","line":7,"loc":{"start":{"line":7,"column":4},"end":{"line":11,"column":17}},"locations":[{"start":{"line":7,"column":4},"end":{"line":11,"column":17}}]},"4":{"type":"branch","line":13,"loc":{"start":{"line":13,"column":4},"end":{"line":14,"column":12}},"locations":[{"start":{"line":13,"column":4},"end":{"line":14,"column":12}}]}},"b":{"0":[98],"1":[34],"2":[32],"3":[32],"4":[0]},"fnMap":{"0":{"name":"ButtonCounter","decl":{"start":{"line":1,"column":22},"end":{"line":16,"column":2}},"loc":{"start":{"line":1,"column":22},"end":{"line":16,"column":2}},"line":1}},"f":{"0":98}}
,"C:\\Users\\mayno\\Desktop\\React\\11-testing\\src\\components\\Counter.jsx": {"path":"C:\\Users\\mayno\\Desktop\\React\\11-testing\\src\\components\\Counter.jsx","all":false,"statementMap":{"0":{"start":{"line":1,"column":0},"end":{"line":1,"column":49}},"1":{"start":{"line":2,"column":0},"end":{"line":2,"column":44}},"3":{"start":{"line":4,"column":0},"end":{"line":4,"column":23}},"4":{"start":{"line":5,"column":0},"end":{"line":5,"column":50}},"6":{"start":{"line":7,"column":0},"end":{"line":7,"column":10}},"7":{"start":{"line":8,"column":0},"end":{"line":8,"column":6}},"8":{"start":{"line":9,"column":0},"end":{"line":9,"column":49}},"9":{"start":{"line":10,"column":0},"end":{"line":10,"column":64}},"10":{"start":{"line":11,"column":0},"end":{"line":11,"column":64}},"11":{"start":{"line":12,"column":0},"end":{"line":12,"column":66}},"12":{"start":{"line":13,"column":0},"end":{"line":13,"column":7}},"14":{"start":{"line":15,"column":0},"end":{"line":15,"column":2}},"16":{"start":{"line":17,"column":0},"end":{"line":17,"column":23}}},"s":{"0":1,"1":1,"3":1,"4":33,"6":33,"7":33,"8":33,"9":33,"10":33,"11":33,"12":33,"14":33,"16":1},"branchMap":{"0":{"type":"branch","line":4,"loc":{"start":{"line":4,"column":16},"end":{"line":15,"column":2}},"locations":[{"start":{"line":4,"column":16},"end":{"line":15,"column":2}}]},"1":{"type":"branch","line":10,"loc":{"start":{"line":10,"column":39},"end":{"line":10,"column":62}},"locations":[{"start":{"line":10,"column":39},"end":{"line":10,"column":62}}]},"2":{"type":"branch","line":11,"loc":{"start":{"line":11,"column":39},"end":{"line":11,"column":62}},"locations":[{"start":{"line":11,"column":39},"end":{"line":11,"column":62}}]},"3":{"type":"branch","line":12,"loc":{"start":{"line":12,"column":40},"end":{"line":12,"column":64}},"locations":[{"start":{"line":12,"column":40},"end":{"line":12,"column":64}}]}},"b":{"0":[33],"1":[13],"2":[3],"3":[11]},"fnMap":{"0":{"name":"Counter","decl":{"start":{"line":4,"column":16},"end":{"line":15,"column":2}},"loc":{"start":{"line":4,"column":16},"end":{"line":15,"column":2}},"line":4},"1":{"name":"action","decl":{"start":{"line":10,"column":39},"end":{"line":10,"column":62}},"loc":{"start":{"line":10,"column":39},"end":{"line":10,"column":62}},"line":10},"2":{"name":"action","decl":{"start":{"line":11,"column":39},"end":{"line":11,"column":62}},"loc":{"start":{"line":11,"column":39},"end":{"line":11,"column":62}},"line":11},"3":{"name":"action","decl":{"start":{"line":12,"column":40},"end":{"line":12,"column":64}},"loc":{"start":{"line":12,"column":40},"end":{"line":12,"column":64}},"line":12}},"f":{"0":33,"1":13,"2":3,"3":11}}
,"C:\\Users\\mayno\\Desktop\\React\\11-testing\\src\\hooks\\useCounter.js": {"path":"C:\\Users\\mayno\\Desktop\\React\\11-testing\\src\\hooks\\useCounter.js","all":false,"statementMap":{"0":{"start":{"line":1,"column":0},"end":{"line":1,"column":56}},"1":{"start":{"line":2,"column":0},"end":{"line":2,"column":0}},"2":{"start":{"line":3,"column":0},"end":{"line":3,"column":33}},"3":{"start":{"line":4,"column":0},"end":{"line":4,"column":46}},"4":{"start":{"line":5,"column":0},"end":{"line":5,"column":0}},"5":{"start":{"line":6,"column":0},"end":{"line":6,"column":35}},"6":{"start":{"line":7,"column":0},"end":{"line":7,"column":22}},"7":{"start":{"line":8,"column":0},"end":{"line":8,"column":21}},"8":{"start":{"line":9,"column":0},"end":{"line":9,"column":12}},"9":{"start":{"line":10,"column":0},"end":{"line":10,"column":36}},"10":{"start":{"line":11,"column":0},"end":{"line":11,"column":5}},"11":{"start":{"line":12,"column":0},"end":{"line":12,"column":4}},"12":{"start":{"line":13,"column":0},"end":{"line":13,"column":36}},"13":{"start":{"line":14,"column":0},"end":{"line":14,"column":2}}},"s":{"0":1,"1":1,"2":1,"3":33,"4":33,"5":33,"6":27,"7":3,"8":27,"9":24,"10":24,"11":33,"12":33,"13":33},"branchMap":{"0":{"type":"branch","line":3,"loc":{"start":{"line":3,"column":26},"end":{"line":14,"column":2}},"locations":[{"start":{"line":3,"column":26},"end":{"line":14,"column":2}}]},"1":{"type":"branch","line":6,"loc":{"start":{"line":6,"column":23},"end":{"line":12,"column":3}},"locations":[{"start":{"line":6,"column":23},"end":{"line":12,"column":3}}]},"2":{"type":"branch","line":7,"loc":{"start":{"line":7,"column":21},"end":{"line":9,"column":5}},"locations":[{"start":{"line":7,"column":21},"end":{"line":9,"column":5}}]},"3":{"type":"branch","line":9,"loc":{"start":{"line":9,"column":5},"end":{"line":11,"column":5}},"locations":[{"start":{"line":9,"column":5},"end":{"line":11,"column":5}}]}},"b":{"0":[33],"1":[27],"2":[3],"3":[24]},"fnMap":{"0":{"name":"useCounter","decl":{"start":{"line":3,"column":26},"end":{"line":14,"column":2}},"loc":{"start":{"line":3,"column":26},"end":{"line":14,"column":2}},"line":3},"1":{"name":"handleCambio","decl":{"start":{"line":6,"column":23},"end":{"line":12,"column":3}},"loc":{"start":{"line":6,"column":23},"end":{"line":12,"column":3}},"line":6}},"f":{"0":33,"1":27}}
}
